[0515/000410.107:WARNING:backend_impl.cc(1816)] Destroying invalid entry.
[0515/000413.366:INFO:CONSOLE(0)] "Error with Permissions-Policy header: Feature xr-spatial-tracking's parameters are ignored.", source:  (0)
[0515/000413.367:INFO:CONSOLE(0)] "Error with Permissions-Policy header: Origin trial controlled feature not enabled: 'attribution-reporting'.", source:  (0)
[0515/000413.367:INFO:CONSOLE(0)] "Error with Permissions-Policy header: Unrecognized feature: 'compute-pressure'.", source:  (0)
[0515/000413.368:INFO:CONSOLE(0)] "Error with Permissions-Policy header: Origin trial controlled feature not enabled: 'interest-cohort'.", source:  (0)
[0515/000413.370:INFO:CONSOLE(0)] "Error with Permissions-Policy header: Unrecognized feature: 'private-state-token-issuance'.", source:  (0)
[0515/000413.370:INFO:CONSOLE(0)] "Error with Permissions-Policy header: Origin trial controlled feature not enabled: 'shared-storage'.", source:  (0)
[0515/000413.371:INFO:CONSOLE(0)] "Error with Permissions-Policy header: Unrecognized feature: 'shared-storage-select-url'.", source:  (0)
[0515/000413.371:INFO:CONSOLE(0)] "Error with Permissions-Policy header: Unrecognized feature: 'private-state-token-redemption'.", source:  (0)
[0515/000413.371:INFO:CONSOLE(0)] "Error with Permissions-Policy header: Unrecognized feature: 'unload'.", source:  (0)
[0515/000413.372:INFO:CONSOLE(0)] "Error with Permissions-Policy header: Unrecognized feature: 'window-management'.", source:  (0)
[0515/000413.495:WARNING:backend_impl.cc(1816)] Destroying invalid entry.
[0515/000413.497:WARNING:backend_impl.cc(1816)] Destroying invalid entry.
[0515/000413.498:WARNING:backend_impl.cc(1816)] Destroying invalid entry.
[0515/000413.500:WARNING:backend_impl.cc(1816)] Destroying invalid entry.
[0515/000413.501:WARNING:backend_impl.cc(1816)] Destroying invalid entry.
[0515/000413.502:WARNING:backend_impl.cc(1816)] Destroying invalid entry.
[0515/000413.504:WARNING:backend_impl.cc(1816)] Destroying invalid entry.
[0515/000413.505:WARNING:backend_impl.cc(1816)] Destroying invalid entry.
[0515/000413.508:WARNING:backend_impl.cc(1816)] Destroying invalid entry.
[0515/000413.510:WARNING:backend_impl.cc(1816)] Destroying invalid entry.
[0515/000413.511:WARNING:backend_impl.cc(1816)] Destroying invalid entry.
[0515/000413.513:WARNING:backend_impl.cc(1816)] Destroying invalid entry.
[0515/000413.514:WARNING:backend_impl.cc(1816)] Destroying invalid entry.
[0515/000413.995:WARNING:backend_impl.cc(1816)] Destroying invalid entry.
